Analysis & Elaboration report for Viterbi_decoding
Sun Jun  1 09:13:55 2025
Quartus Prime Version 23.1std.1 Build 993 05/14/2024 SC Lite Edition


---------------------
; Table of Contents ;
---------------------
  1. Legal Notice
  2. Analysis & Elaboration Summary
  3. Parallel Compilation
  4. Parameter Settings for User Entity Instance: Branch_metric_unit:BMU
  5. Parameter Settings for User Entity Instance: Path_metric_unit:PMU
  6. Parameter Settings for User Entity Instance: Survivor_path_memory_unit:SPMU|state_machine:u_state_machine|next_state_logic:NSL
  7. Parameter Settings for User Entity Instance: Survivor_path_memory_unit:SPMU|state_machine:u_state_machine|state_memory:SM
  8. Parameter Settings for User Entity Instance: Survivor_path_memory_unit:SPMU|state_machine:u_state_machine|output_logic:OL
  9. Analysis & Elaboration Settings
 10. Port Connectivity Checks: "Branch_metric_unit:BMU|Hamming_distance:HD3"
 11. Port Connectivity Checks: "Branch_metric_unit:BMU|Hamming_distance:HD2"
 12. Port Connectivity Checks: "Branch_metric_unit:BMU|Hamming_distance:HD1"
 13. Port Connectivity Checks: "Branch_metric_unit:BMU|Hamming_distance:HD0|Full_adder:FA"
 14. Port Connectivity Checks: "Branch_metric_unit:BMU|Hamming_distance:HD0"
 15. Analysis & Elaboration Messages



----------------
; Legal Notice ;
----------------
Copyright (C) 2024  Intel Corporation. All rights reserved.
Your use of Intel Corporation's design tools, logic functions 
and other software and tools, and any partner logic 
functions, and any output files from any of the foregoing 
(including device programming or simulation files), and any 
associated documentation or information are expressly subject 
to the terms and conditions of the Intel Program License 
Subscription Agreement, the Intel Quartus Prime License Agreement,
the Intel FPGA IP License Agreement, or other applicable license
agreement, including, without limitation, that your use is for
the sole purpose of programming logic devices manufactured by
Intel and sold by Intel or its authorized distributors.  Please
refer to the applicable agreement for further details, at
https://fpgasoftware.intel.com/eula.



+-------------------------------------------------------------------------------------+
; Analysis & Elaboration Summary                                                      ;
+------------------------------------+------------------------------------------------+
; Analysis & Elaboration Status      ; Successful - Sun Jun  1 09:13:55 2025          ;
; Quartus Prime Version              ; 23.1std.1 Build 993 05/14/2024 SC Lite Edition ;
; Revision Name                      ; Viterbi_decoding                               ;
; Top-level Entity Name              ; Viterbi_decoding                               ;
; Family                             ; Cyclone 10 LP                                  ;
; Total logic elements               ; N/A until Partition Merge                      ;
;     Total combinational functions  ; N/A until Partition Merge                      ;
;     Dedicated logic registers      ; N/A until Partition Merge                      ;
; Total registers                    ; N/A until Partition Merge                      ;
; Total pins                         ; N/A until Partition Merge                      ;
; Total virtual pins                 ; N/A until Partition Merge                      ;
; Total memory bits                  ; N/A until Partition Merge                      ;
; Embedded Multiplier 9-bit elements ; N/A until Partition Merge                      ;
; Total PLLs                         ; N/A until Partition Merge                      ;
+------------------------------------+------------------------------------------------+


+------------------------------------------+
; Parallel Compilation                     ;
+----------------------------+-------------+
; Processors                 ; Number      ;
+----------------------------+-------------+
; Number detected on machine ; 8           ;
; Maximum allowed            ; 4           ;
;                            ;             ;
; Average used               ; 1.00        ;
; Maximum used               ; 1           ;
;                            ;             ;
; Usage by Processor         ; % Time Used ;
;     Processor 1            ; 100.0%      ;
+----------------------------+-------------+


+---------------------------------------------------------------------+
; Parameter Settings for User Entity Instance: Branch_metric_unit:BMU ;
+----------------+-------+--------------------------------------------+
; Parameter Name ; Value ; Type                                       ;
+----------------+-------+--------------------------------------------+
; SIZE_DATA      ; 2     ; Signed Integer                             ;
+----------------+-------+--------------------------------------------+
Note: In order to hide this table in the UI and the text report file, please set the "Show Parameter Settings in Synthesis Report" option in "Analysis and Synthesis Settings -> More Settings" to "Off".


+-------------------------------------------------------------------+
; Parameter Settings for User Entity Instance: Path_metric_unit:PMU ;
+----------------+-------+------------------------------------------+
; Parameter Name ; Value ; Type                                     ;
+----------------+-------+------------------------------------------+
; SIZE_DATA      ; 2     ; Signed Integer                           ;
+----------------+-------+------------------------------------------+
Note: In order to hide this table in the UI and the text report file, please set the "Show Parameter Settings in Synthesis Report" option in "Analysis and Synthesis Settings -> More Settings" to "Off".


+--------------------------------------------------------------------------------------------------------------------------------+
; Parameter Settings for User Entity Instance: Survivor_path_memory_unit:SPMU|state_machine:u_state_machine|next_state_logic:NSL ;
+----------------+-------+-------------------------------------------------------------------------------------------------------+
; Parameter Name ; Value ; Type                                                                                                  ;
+----------------+-------+-------------------------------------------------------------------------------------------------------+
; S0             ; 00    ; Unsigned Binary                                                                                       ;
; S1             ; 01    ; Unsigned Binary                                                                                       ;
; S2             ; 10    ; Unsigned Binary                                                                                       ;
; S3             ; 11    ; Unsigned Binary                                                                                       ;
+----------------+-------+-------------------------------------------------------------------------------------------------------+
Note: In order to hide this table in the UI and the text report file, please set the "Show Parameter Settings in Synthesis Report" option in "Analysis and Synthesis Settings -> More Settings" to "Off".


+---------------------------------------------------------------------------------------------------------------------------+
; Parameter Settings for User Entity Instance: Survivor_path_memory_unit:SPMU|state_machine:u_state_machine|state_memory:SM ;
+----------------+-------+--------------------------------------------------------------------------------------------------+
; Parameter Name ; Value ; Type                                                                                             ;
+----------------+-------+--------------------------------------------------------------------------------------------------+
; S0             ; 00    ; Unsigned Binary                                                                                  ;
+----------------+-------+--------------------------------------------------------------------------------------------------+
Note: In order to hide this table in the UI and the text report file, please set the "Show Parameter Settings in Synthesis Report" option in "Analysis and Synthesis Settings -> More Settings" to "Off".


+---------------------------------------------------------------------------------------------------------------------------+
; Parameter Settings for User Entity Instance: Survivor_path_memory_unit:SPMU|state_machine:u_state_machine|output_logic:OL ;
+----------------+-------+--------------------------------------------------------------------------------------------------+
; Parameter Name ; Value ; Type                                                                                             ;
+----------------+-------+--------------------------------------------------------------------------------------------------+
; S0             ; 00    ; Unsigned Binary                                                                                  ;
; S1             ; 01    ; Unsigned Binary                                                                                  ;
; S2             ; 10    ; Unsigned Binary                                                                                  ;
; S3             ; 11    ; Unsigned Binary                                                                                  ;
+----------------+-------+--------------------------------------------------------------------------------------------------+
Note: In order to hide this table in the UI and the text report file, please set the "Show Parameter Settings in Synthesis Report" option in "Analysis and Synthesis Settings -> More Settings" to "Off".


+------------------------------------------------------------------------------------------------------------+
; Analysis & Elaboration Settings                                                                            ;
+------------------------------------------------------------------+--------------------+--------------------+
; Option                                                           ; Setting            ; Default Value      ;
+------------------------------------------------------------------+--------------------+--------------------+
; Top-level entity name                                            ; Viterbi_decoding   ; Viterbi_decoding   ;
; Family name                                                      ; Cyclone 10 LP      ; Cyclone V          ;
; Use smart compilation                                            ; Off                ; Off                ;
; Enable parallel Assembler and Timing Analyzer during compilation ; On                 ; On                 ;
; Enable compact report table                                      ; Off                ; Off                ;
; Restructure Multiplexers                                         ; Auto               ; Auto               ;
; Create Debugging Nodes for IP Cores                              ; Off                ; Off                ;
; Preserve fewer node names                                        ; On                 ; On                 ;
; Intel FPGA IP Evaluation Mode                                    ; Enable             ; Enable             ;
; Verilog Version                                                  ; Verilog_2001       ; Verilog_2001       ;
; VHDL Version                                                     ; VHDL_1993          ; VHDL_1993          ;
; State Machine Processing                                         ; Auto               ; Auto               ;
; Safe State Machine                                               ; Off                ; Off                ;
; Extract Verilog State Machines                                   ; On                 ; On                 ;
; Extract VHDL State Machines                                      ; On                 ; On                 ;
; Ignore Verilog initial constructs                                ; Off                ; Off                ;
; Iteration limit for constant Verilog loops                       ; 5000               ; 5000               ;
; Iteration limit for non-constant Verilog loops                   ; 250                ; 250                ;
; Add Pass-Through Logic to Inferred RAMs                          ; On                 ; On                 ;
; Infer RAMs from Raw Logic                                        ; On                 ; On                 ;
; Parallel Synthesis                                               ; On                 ; On                 ;
; DSP Block Balancing                                              ; Auto               ; Auto               ;
; NOT Gate Push-Back                                               ; On                 ; On                 ;
; Power-Up Don't Care                                              ; On                 ; On                 ;
; Remove Redundant Logic Cells                                     ; Off                ; Off                ;
; Remove Duplicate Registers                                       ; On                 ; On                 ;
; Ignore CARRY Buffers                                             ; Off                ; Off                ;
; Ignore CASCADE Buffers                                           ; Off                ; Off                ;
; Ignore GLOBAL Buffers                                            ; Off                ; Off                ;
; Ignore ROW GLOBAL Buffers                                        ; Off                ; Off                ;
; Ignore LCELL Buffers                                             ; Off                ; Off                ;
; Ignore SOFT Buffers                                              ; On                 ; On                 ;
; Limit AHDL Integers to 32 Bits                                   ; Off                ; Off                ;
; Optimization Technique                                           ; Balanced           ; Balanced           ;
; Carry Chain Length                                               ; 70                 ; 70                 ;
; Auto Carry Chains                                                ; On                 ; On                 ;
; Auto Open-Drain Pins                                             ; On                 ; On                 ;
; Perform WYSIWYG Primitive Resynthesis                            ; Off                ; Off                ;
; Auto ROM Replacement                                             ; On                 ; On                 ;
; Auto RAM Replacement                                             ; On                 ; On                 ;
; Auto DSP Block Replacement                                       ; On                 ; On                 ;
; Auto Shift Register Replacement                                  ; Auto               ; Auto               ;
; Allow Shift Register Merging across Hierarchies                  ; Auto               ; Auto               ;
; Auto Clock Enable Replacement                                    ; On                 ; On                 ;
; Strict RAM Replacement                                           ; Off                ; Off                ;
; Allow Synchronous Control Signals                                ; On                 ; On                 ;
; Force Use of Synchronous Clear Signals                           ; Off                ; Off                ;
; Auto RAM Block Balancing                                         ; On                 ; On                 ;
; Auto RAM to Logic Cell Conversion                                ; Off                ; Off                ;
; Auto Resource Sharing                                            ; Off                ; Off                ;
; Allow Any RAM Size For Recognition                               ; Off                ; Off                ;
; Allow Any ROM Size For Recognition                               ; Off                ; Off                ;
; Allow Any Shift Register Size For Recognition                    ; Off                ; Off                ;
; Use LogicLock Constraints during Resource Balancing              ; On                 ; On                 ;
; Ignore translate_off and synthesis_off directives                ; Off                ; Off                ;
; Timing-Driven Synthesis                                          ; On                 ; On                 ;
; Report Parameter Settings                                        ; On                 ; On                 ;
; Report Source Assignments                                        ; On                 ; On                 ;
; Report Connectivity Checks                                       ; On                 ; On                 ;
; Ignore Maximum Fan-Out Assignments                               ; Off                ; Off                ;
; Synchronization Register Chain Length                            ; 2                  ; 2                  ;
; Power Optimization During Synthesis                              ; Normal compilation ; Normal compilation ;
; HDL message level                                                ; Level2             ; Level2             ;
; Suppress Register Optimization Related Messages                  ; Off                ; Off                ;
; Number of Removed Registers Reported in Synthesis Report         ; 5000               ; 5000               ;
; Number of Swept Nodes Reported in Synthesis Report               ; 5000               ; 5000               ;
; Number of Inverted Registers Reported in Synthesis Report        ; 100                ; 100                ;
; Clock MUX Protection                                             ; On                 ; On                 ;
; Auto Gated Clock Conversion                                      ; Off                ; Off                ;
; Block Design Naming                                              ; Auto               ; Auto               ;
; SDC constraint protection                                        ; Off                ; Off                ;
; Synthesis Effort                                                 ; Auto               ; Auto               ;
; Shift Register Replacement - Allow Asynchronous Clear Signal     ; On                 ; On                 ;
; Pre-Mapping Resynthesis Optimization                             ; Off                ; Off                ;
; Analysis & Synthesis Message Level                               ; Medium             ; Medium             ;
; Disable Register Merging Across Hierarchies                      ; Auto               ; Auto               ;
; Resource Aware Inference For Block RAM                           ; On                 ; On                 ;
+------------------------------------------------------------------+--------------------+--------------------+


+-------------------------------------------------------------------------+
; Port Connectivity Checks: "Branch_metric_unit:BMU|Hamming_distance:HD3" ;
+------------+-------+----------+-----------------------------------------+
; Port       ; Type  ; Severity ; Details                                 ;
+------------+-------+----------+-----------------------------------------+
; i_exp_code ; Input ; Info     ; Stuck at VCC                            ;
+------------+-------+----------+-----------------------------------------+


+-------------------------------------------------------------------------+
; Port Connectivity Checks: "Branch_metric_unit:BMU|Hamming_distance:HD2" ;
+---------------+-------+----------+--------------------------------------+
; Port          ; Type  ; Severity ; Details                              ;
+---------------+-------+----------+--------------------------------------+
; i_exp_code[1] ; Input ; Info     ; Stuck at VCC                         ;
; i_exp_code[0] ; Input ; Info     ; Stuck at GND                         ;
+---------------+-------+----------+--------------------------------------+


+-------------------------------------------------------------------------+
; Port Connectivity Checks: "Branch_metric_unit:BMU|Hamming_distance:HD1" ;
+---------------+-------+----------+--------------------------------------+
; Port          ; Type  ; Severity ; Details                              ;
+---------------+-------+----------+--------------------------------------+
; i_exp_code[1] ; Input ; Info     ; Stuck at GND                         ;
; i_exp_code[0] ; Input ; Info     ; Stuck at VCC                         ;
+---------------+-------+----------+--------------------------------------+


+---------------------------------------------------------------------------------------+
; Port Connectivity Checks: "Branch_metric_unit:BMU|Hamming_distance:HD0|Full_adder:FA" ;
+------+-------+----------+-------------------------------------------------------------+
; Port ; Type  ; Severity ; Details                                                     ;
+------+-------+----------+-------------------------------------------------------------+
; i_c  ; Input ; Info     ; Stuck at GND                                                ;
+------+-------+----------+-------------------------------------------------------------+


+-------------------------------------------------------------------------+
; Port Connectivity Checks: "Branch_metric_unit:BMU|Hamming_distance:HD0" ;
+------------+-------+----------+-----------------------------------------+
; Port       ; Type  ; Severity ; Details                                 ;
+------------+-------+----------+-----------------------------------------+
; i_exp_code ; Input ; Info     ; Stuck at GND                            ;
+------------+-------+----------+-----------------------------------------+


+---------------------------------+
; Analysis & Elaboration Messages ;
+---------------------------------+
Info: *******************************************************************
Info: Running Quartus Prime Analysis & Elaboration
    Info: Version 23.1std.1 Build 993 05/14/2024 SC Lite Edition
    Info: Processing started: Sun Jun  1 09:13:50 2025
Info: Command: quartus_map --read_settings_files=on --write_settings_files=off Viterbi_decoding -c Viterbi_decoding --analysis_and_elaboration
Warning (18236): Number of processors has not been specified which may cause overloading on shared machines.  Set the global assignment NUM_PARALLEL_PROCESSORS in your QSF to an appropriate value for best performance.
Info (20030): Parallel compilation is enabled and will use 4 of the 4 processors detected
Info (12021): Found 1 design units, including 1 entities, in source file /home/noname_lnin/Documents/project_tiny/Viterbi_decoder/02_rtl/Path_metric_unit.sv
    Info (12023): Found entity 1: Path_metric_unit File: /home/noname_lnin/Documents/project_tiny/Viterbi_decoder/02_rtl/Path_metric_unit.sv Line: 1
Info (12021): Found 1 design units, including 1 entities, in source file /home/noname_lnin/Documents/project_tiny/Viterbi_decoder/02_rtl/Hamming_distance.sv
    Info (12023): Found entity 1: Hamming_distance File: /home/noname_lnin/Documents/project_tiny/Viterbi_decoder/02_rtl/Hamming_distance.sv Line: 1
Info (12021): Found 1 design units, including 1 entities, in source file /home/noname_lnin/Documents/project_tiny/Viterbi_decoder/02_rtl/Full_adder.sv
    Info (12023): Found entity 1: Full_adder File: /home/noname_lnin/Documents/project_tiny/Viterbi_decoder/02_rtl/Full_adder.sv Line: 1
Info (12021): Found 1 design units, including 1 entities, in source file /home/noname_lnin/Documents/project_tiny/Viterbi_decoder/02_rtl/Compare_unit.sv
    Info (12023): Found entity 1: Compare_unit File: /home/noname_lnin/Documents/project_tiny/Viterbi_decoder/02_rtl/Compare_unit.sv Line: 1
Info (12021): Found 1 design units, including 1 entities, in source file /home/noname_lnin/Documents/project_tiny/Viterbi_decoder/02_rtl/Branch_metric_unit.sv
    Info (12023): Found entity 1: Branch_metric_unit File: /home/noname_lnin/Documents/project_tiny/Viterbi_decoder/02_rtl/Branch_metric_unit.sv Line: 1
Info (12021): Found 1 design units, including 1 entities, in source file /home/noname_lnin/Documents/project_tiny/Viterbi_decoder/02_rtl/Add_unit.sv
    Info (12023): Found entity 1: Add_unit File: /home/noname_lnin/Documents/project_tiny/Viterbi_decoder/02_rtl/Add_unit.sv Line: 1
Info (12021): Found 1 design units, including 1 entities, in source file /home/noname_lnin/Documents/project_tiny/Viterbi_decoder/02_rtl/Add_compare_select_unit.sv
    Info (12023): Found entity 1: Add_compare_select_unit File: /home/noname_lnin/Documents/project_tiny/Viterbi_decoder/02_rtl/Add_compare_select_unit.sv Line: 1
Info (12021): Found 1 design units, including 1 entities, in source file /home/noname_lnin/Documents/project_tiny/Viterbi_decoder/02_rtl/ACS.sv
    Info (12023): Found entity 1: ACS File: /home/noname_lnin/Documents/project_tiny/Viterbi_decoder/02_rtl/ACS.sv Line: 1
Info (12021): Found 5 design units, including 5 entities, in source file /home/noname_lnin/Documents/project_tiny/Viterbi_decoder/02_rtl/Survivor_path_memory_unit.sv
    Info (12023): Found entity 1: Survivor_path_memory_unit File: /home/noname_lnin/Documents/project_tiny/Viterbi_decoder/02_rtl/Survivor_path_memory_unit.sv Line: 1
    Info (12023): Found entity 2: state_machine File: /home/noname_lnin/Documents/project_tiny/Viterbi_decoder/02_rtl/Survivor_path_memory_unit.sv Line: 43
    Info (12023): Found entity 3: next_state_logic File: /home/noname_lnin/Documents/project_tiny/Viterbi_decoder/02_rtl/Survivor_path_memory_unit.sv Line: 86
    Info (12023): Found entity 4: state_memory File: /home/noname_lnin/Documents/project_tiny/Viterbi_decoder/02_rtl/Survivor_path_memory_unit.sv Line: 139
    Info (12023): Found entity 5: output_logic File: /home/noname_lnin/Documents/project_tiny/Viterbi_decoder/02_rtl/Survivor_path_memory_unit.sv Line: 168
Info (12021): Found 1 design units, including 1 entities, in source file Viterbi_decoding.sv
    Info (12023): Found entity 1: Viterbi_decoding File: /home/noname_lnin/Documents/project_tiny/Viterbi_decoder/04_imple/VD_312/Viterbi_decoding.sv Line: 1
Info (12127): Elaborating entity "Viterbi_decoding" for the top level hierarchy
Info (12128): Elaborating entity "Branch_metric_unit" for hierarchy "Branch_metric_unit:BMU" File: /home/noname_lnin/Documents/project_tiny/Viterbi_decoder/04_imple/VD_312/Viterbi_decoding.sv Line: 23
Info (12128): Elaborating entity "Hamming_distance" for hierarchy "Branch_metric_unit:BMU|Hamming_distance:HD0" File: /home/noname_lnin/Documents/project_tiny/Viterbi_decoder/02_rtl/Branch_metric_unit.sv Line: 17
Info (12128): Elaborating entity "Full_adder" for hierarchy "Branch_metric_unit:BMU|Hamming_distance:HD0|Full_adder:FA" File: /home/noname_lnin/Documents/project_tiny/Viterbi_decoder/02_rtl/Hamming_distance.sv Line: 18
Info (12128): Elaborating entity "Path_metric_unit" for hierarchy "Path_metric_unit:PMU" File: /home/noname_lnin/Documents/project_tiny/Viterbi_decoder/04_imple/VD_312/Viterbi_decoding.sv Line: 62
Info (12128): Elaborating entity "Add_compare_select_unit" for hierarchy "Add_compare_select_unit:ACSU" File: /home/noname_lnin/Documents/project_tiny/Viterbi_decoder/04_imple/VD_312/Viterbi_decoding.sv Line: 77
Info (12128): Elaborating entity "ACS" for hierarchy "Add_compare_select_unit:ACSU|ACS:ACS_0" File: /home/noname_lnin/Documents/project_tiny/Viterbi_decoder/02_rtl/Add_compare_select_unit.sv Line: 24
Info (12128): Elaborating entity "Add_unit" for hierarchy "Add_compare_select_unit:ACSU|ACS:ACS_0|Add_unit:ADD0" File: /home/noname_lnin/Documents/project_tiny/Viterbi_decoder/02_rtl/ACS.sv Line: 17
Info (12128): Elaborating entity "Compare_unit" for hierarchy "Add_compare_select_unit:ACSU|ACS:ACS_0|Compare_unit:CP" File: /home/noname_lnin/Documents/project_tiny/Viterbi_decoder/02_rtl/ACS.sv Line: 28
Info (12128): Elaborating entity "Survivor_path_memory_unit" for hierarchy "Survivor_path_memory_unit:SPMU" File: /home/noname_lnin/Documents/project_tiny/Viterbi_decoder/04_imple/VD_312/Viterbi_decoding.sv Line: 89
Info (12128): Elaborating entity "state_machine" for hierarchy "Survivor_path_memory_unit:SPMU|state_machine:u_state_machine" File: /home/noname_lnin/Documents/project_tiny/Viterbi_decoder/02_rtl/Survivor_path_memory_unit.sv Line: 39
Info (12128): Elaborating entity "next_state_logic" for hierarchy "Survivor_path_memory_unit:SPMU|state_machine:u_state_machine|next_state_logic:NSL" File: /home/noname_lnin/Documents/project_tiny/Viterbi_decoder/02_rtl/Survivor_path_memory_unit.sv Line: 67
Info (12128): Elaborating entity "state_memory" for hierarchy "Survivor_path_memory_unit:SPMU|state_machine:u_state_machine|state_memory:SM" File: /home/noname_lnin/Documents/project_tiny/Viterbi_decoder/02_rtl/Survivor_path_memory_unit.sv Line: 76
Info (12128): Elaborating entity "output_logic" for hierarchy "Survivor_path_memory_unit:SPMU|state_machine:u_state_machine|output_logic:OL" File: /home/noname_lnin/Documents/project_tiny/Viterbi_decoder/02_rtl/Survivor_path_memory_unit.sv Line: 82
Info: Quartus Prime Analysis & Elaboration was successful. 0 errors, 1 warning
    Info: Peak virtual memory: 647 megabytes
    Info: Processing ended: Sun Jun  1 09:13:55 2025
    Info: Elapsed time: 00:00:05
    Info: Total CPU time (on all processors): 00:00:14


